[08-Oct-2019 05:26:44 UTC] PHP Warning:  mysqli_real_connect(): (HY000/1045): Access denied for user 'sam_dev'@'localhost' (using password: YES) in /Users/jocelyn.gulbin/Desktop/projects/bobtheroofer/wp-includes/wp-db.php on line 1612
[08-Oct-2019 05:27:16 UTC] PHP Warning:  mysqli_real_connect(): (HY000/1045): Access denied for user 'sam_dev'@'localhost' (using password: YES) in /Users/jocelyn.gulbin/Desktop/projects/bobtheroofer/wp-includes/wp-db.php on line 1612
[08-Oct-2019 05:27:18 UTC] PHP Warning:  mysqli_real_connect(): (HY000/1045): Access denied for user 'sam_dev'@'localhost' (using password: YES) in /Users/jocelyn.gulbin/Desktop/projects/bobtheroofer/wp-includes/wp-db.php on line 1612
[08-Oct-2019 05:27:43 UTC] PHP Warning:  mysqli_real_connect(): (HY000/1045): Access denied for user 'root'@'localhost' (using password: YES) in /Users/jocelyn.gulbin/Desktop/projects/bobtheroofer/wp-includes/wp-db.php on line 1612
[08-Oct-2019 05:27:45 UTC] PHP Warning:  mysqli_real_connect(): (HY000/1045): Access denied for user 'root'@'localhost' (using password: YES) in /Users/jocelyn.gulbin/Desktop/projects/bobtheroofer/wp-includes/wp-db.php on line 1612
[08-Oct-2019 05:28:56 UTC] PHP Warning:  mysqli_real_connect(): (HY000/1045): Access denied for user 'sam_dev'@'localhost' (using password: YES) in /Users/jocelyn.gulbin/Desktop/projects/bobtheroofer/wp-includes/wp-db.php on line 1612
[08-Oct-2019 05:28:57 UTC] PHP Warning:  mysqli_real_connect(): (HY000/1045): Access denied for user 'sam_dev'@'localhost' (using password: YES) in /Users/jocelyn.gulbin/Desktop/projects/bobtheroofer/wp-includes/wp-db.php on line 1612
[08-Oct-2019 05:28:58 UTC] PHP Warning:  mysqli_real_connect(): (HY000/1045): Access denied for user 'sam_dev'@'localhost' (using password: YES) in /Users/jocelyn.gulbin/Desktop/projects/bobtheroofer/wp-includes/wp-db.php on line 1612
[08-Oct-2019 05:29:35 UTC] PHP Warning:  mysqli_real_connect(): (HY000/1045): Access denied for user 'sam_dev'@'localhost' (using password: YES) in /Users/jocelyn.gulbin/Desktop/projects/bobtheroofer/wp-includes/wp-db.php on line 1612
[08-Oct-2019 05:29:37 UTC] PHP Warning:  mysqli_real_connect(): (HY000/1045): Access denied for user 'sam_dev'@'localhost' (using password: YES) in /Users/jocelyn.gulbin/Desktop/projects/bobtheroofer/wp-includes/wp-db.php on line 1612
[08-Oct-2019 05:29:37 UTC] PHP Warning:  mysqli_real_connect(): (HY000/1045): Access denied for user 'sam_dev'@'localhost' (using password: YES) in /Users/jocelyn.gulbin/Desktop/projects/bobtheroofer/wp-includes/wp-db.php on line 1612
[08-Oct-2019 05:29:38 UTC] PHP Warning:  mysqli_real_connect(): (HY000/1045): Access denied for user 'sam_dev'@'localhost' (using password: YES) in /Users/jocelyn.gulbin/Desktop/projects/bobtheroofer/wp-includes/wp-db.php on line 1612
[08-Oct-2019 05:29:47 UTC] PHP Warning:  mysqli_real_connect(): (HY000/1045): Access denied for user 'sam_dev'@'localhost' (using password: YES) in /Users/jocelyn.gulbin/Desktop/projects/bobtheroofer/wp-includes/wp-db.php on line 1612
[08-Oct-2019 05:29:49 UTC] PHP Warning:  mysqli_real_connect(): (HY000/1045): Access denied for user 'sam_dev'@'localhost' (using password: YES) in /Users/jocelyn.gulbin/Desktop/projects/bobtheroofer/wp-includes/wp-db.php on line 1612
[08-Oct-2019 05:29:49 UTC] PHP Warning:  mysqli_real_connect(): (HY000/1045): Access denied for user 'sam_dev'@'localhost' (using password: YES) in /Users/jocelyn.gulbin/Desktop/projects/bobtheroofer/wp-includes/wp-db.php on line 1612
[08-Oct-2019 05:29:50 UTC] PHP Warning:  mysqli_real_connect(): (HY000/1045): Access denied for user 'sam_dev'@'localhost' (using password: YES) in /Users/jocelyn.gulbin/Desktop/projects/bobtheroofer/wp-includes/wp-db.php on line 1612
[08-Oct-2019 05:47:41 UTC] PHP Notice:  Uninitialized string offset: 0 in /Users/jocelyn.gulbin/Desktop/projects/bobtheroofer/wp-content/themes/Divi/core/components/data/Utils.php on line 229
[08-Oct-2019 05:47:41 UTC] PHP Notice:  Uninitialized string offset: 0 in /Users/jocelyn.gulbin/Desktop/projects/bobtheroofer/wp-content/themes/Divi/core/components/data/Utils.php on line 229
[08-Oct-2019 05:47:41 UTC] PHP Notice:  Uninitialized string offset: 0 in /Users/jocelyn.gulbin/Desktop/projects/bobtheroofer/wp-content/themes/Divi/core/components/data/Utils.php on line 229
[09-Oct-2019 03:15:43 UTC] PHP Notice:  Uninitialized string offset: 0 in /Users/jocelyn.gulbin/Desktop/projects/bobtheroofer/wp-content/themes/Divi/core/components/data/Utils.php on line 229
[09-Oct-2019 03:15:43 UTC] PHP Notice:  Uninitialized string offset: 0 in /Users/jocelyn.gulbin/Desktop/projects/bobtheroofer/wp-content/themes/Divi/core/components/data/Utils.php on line 229
[09-Oct-2019 03:15:43 UTC] PHP Notice:  Uninitialized string offset: 0 in /Users/jocelyn.gulbin/Desktop/projects/bobtheroofer/wp-content/themes/Divi/core/components/data/Utils.php on line 229
[10-Oct-2019 01:23:41 UTC]  .../components/init.php:278  et_core_page_resource_get():
Removing extra page resource file: /Users/jocelyn.gulbin/Desktop/projects/bobtheroofer/wp-content/cache/et/8/et-core-unified-15706705615791.min.css

[11-Oct-2019 00:05:41 UTC]  .../components/init.php:278  et_core_page_resource_get():
Removing extra page resource file: /Users/jocelyn.gulbin/Desktop/projects/bobtheroofer/wp-content/cache/et/8/et-core-unified-1570752293583.min.css

[15-Oct-2019 23:41:06 UTC] PHP Notice:  Trying to get property 'ID' of non-object in /Users/jocelyn.gulbin/Desktop/projects/bobtheroofer/wp-content/themes/Divi/includes/builder/feature/Library.php on line 902
[15-Oct-2019 23:41:06 UTC] PHP Notice:  Trying to get property 'ID' of non-object in /Users/jocelyn.gulbin/Desktop/projects/bobtheroofer/wp-content/themes/Divi/includes/builder/feature/Library.php on line 903
[15-Oct-2019 23:41:06 UTC] PHP Notice:  Trying to get property 'ID' of non-object in /Users/jocelyn.gulbin/Desktop/projects/bobtheroofer/wp-content/themes/Divi/includes/builder/feature/Library.php on line 902
[15-Oct-2019 23:41:06 UTC] PHP Notice:  Trying to get property 'ID' of non-object in /Users/jocelyn.gulbin/Desktop/projects/bobtheroofer/wp-content/themes/Divi/includes/builder/feature/Library.php on line 903
[15-Oct-2019 23:41:06 UTC] PHP Notice:  Trying to get property 'ID' of non-object in /Users/jocelyn.gulbin/Desktop/projects/bobtheroofer/wp-content/themes/Divi/includes/builder/feature/Library.php on line 902
[15-Oct-2019 23:41:06 UTC] PHP Notice:  Trying to get property 'ID' of non-object in /Users/jocelyn.gulbin/Desktop/projects/bobtheroofer/wp-content/themes/Divi/includes/builder/feature/Library.php on line 903
[15-Oct-2019 23:41:06 UTC] PHP Notice:  Trying to get property 'ID' of non-object in /Users/jocelyn.gulbin/Desktop/projects/bobtheroofer/wp-content/themes/Divi/includes/builder/feature/Library.php on line 902
[15-Oct-2019 23:41:06 UTC] PHP Notice:  Trying to get property 'ID' of non-object in /Users/jocelyn.gulbin/Desktop/projects/bobtheroofer/wp-content/themes/Divi/includes/builder/feature/Library.php on line 903
[15-Oct-2019 23:41:06 UTC] PHP Notice:  Trying to get property 'ID' of non-object in /Users/jocelyn.gulbin/Desktop/projects/bobtheroofer/wp-content/themes/Divi/includes/builder/feature/Library.php on line 902
[15-Oct-2019 23:41:06 UTC] PHP Notice:  Trying to get property 'ID' of non-object in /Users/jocelyn.gulbin/Desktop/projects/bobtheroofer/wp-content/themes/Divi/includes/builder/feature/Library.php on line 903
[15-Oct-2019 23:41:06 UTC] PHP Notice:  Trying to get property 'ID' of non-object in /Users/jocelyn.gulbin/Desktop/projects/bobtheroofer/wp-content/themes/Divi/includes/builder/feature/Library.php on line 902
[15-Oct-2019 23:41:06 UTC] PHP Notice:  Trying to get property 'ID' of non-object in /Users/jocelyn.gulbin/Desktop/projects/bobtheroofer/wp-content/themes/Divi/includes/builder/feature/Library.php on line 903
[15-Oct-2019 23:41:06 UTC] PHP Notice:  Trying to get property 'ID' of non-object in /Users/jocelyn.gulbin/Desktop/projects/bobtheroofer/wp-content/themes/Divi/includes/builder/feature/Library.php on line 902
[15-Oct-2019 23:41:06 UTC] PHP Notice:  Trying to get property 'ID' of non-object in /Users/jocelyn.gulbin/Desktop/projects/bobtheroofer/wp-content/themes/Divi/includes/builder/feature/Library.php on line 903
[15-Oct-2019 23:41:06 UTC] PHP Notice:  Trying to get property 'ID' of non-object in /Users/jocelyn.gulbin/Desktop/projects/bobtheroofer/wp-content/themes/Divi/includes/builder/feature/Library.php on line 902
[15-Oct-2019 23:41:06 UTC] PHP Notice:  Trying to get property 'ID' of non-object in /Users/jocelyn.gulbin/Desktop/projects/bobtheroofer/wp-content/themes/Divi/includes/builder/feature/Library.php on line 903
[15-Oct-2019 23:41:06 UTC] PHP Notice:  Trying to get property 'ID' of non-object in /Users/jocelyn.gulbin/Desktop/projects/bobtheroofer/wp-content/themes/Divi/includes/builder/feature/Library.php on line 902
[15-Oct-2019 23:41:06 UTC] PHP Notice:  Trying to get property 'ID' of non-object in /Users/jocelyn.gulbin/Desktop/projects/bobtheroofer/wp-content/themes/Divi/includes/builder/feature/Library.php on line 903
[15-Oct-2019 23:41:06 UTC] PHP Notice:  Trying to get property 'ID' of non-object in /Users/jocelyn.gulbin/Desktop/projects/bobtheroofer/wp-content/themes/Divi/includes/builder/feature/Library.php on line 902
[15-Oct-2019 23:41:06 UTC] PHP Notice:  Trying to get property 'ID' of non-object in /Users/jocelyn.gulbin/Desktop/projects/bobtheroofer/wp-content/themes/Divi/includes/builder/feature/Library.php on line 903
[15-Oct-2019 23:41:06 UTC] PHP Notice:  Trying to get property 'ID' of non-object in /Users/jocelyn.gulbin/Desktop/projects/bobtheroofer/wp-content/themes/Divi/includes/builder/feature/Library.php on line 902
[15-Oct-2019 23:41:06 UTC] PHP Notice:  Trying to get property 'ID' of non-object in /Users/jocelyn.gulbin/Desktop/projects/bobtheroofer/wp-content/themes/Divi/includes/builder/feature/Library.php on line 903
[15-Oct-2019 23:41:06 UTC] PHP Notice:  Trying to get property 'ID' of non-object in /Users/jocelyn.gulbin/Desktop/projects/bobtheroofer/wp-content/themes/Divi/includes/builder/feature/Library.php on line 902
[15-Oct-2019 23:41:06 UTC] PHP Notice:  Trying to get property 'ID' of non-object in /Users/jocelyn.gulbin/Desktop/projects/bobtheroofer/wp-content/themes/Divi/includes/builder/feature/Library.php on line 903
[15-Oct-2019 23:41:06 UTC] PHP Notice:  Trying to get property 'ID' of non-object in /Users/jocelyn.gulbin/Desktop/projects/bobtheroofer/wp-content/themes/Divi/includes/builder/feature/Library.php on line 902
[15-Oct-2019 23:41:06 UTC] PHP Notice:  Trying to get property 'ID' of non-object in /Users/jocelyn.gulbin/Desktop/projects/bobtheroofer/wp-content/themes/Divi/includes/builder/feature/Library.php on line 903
[15-Oct-2019 23:41:06 UTC] PHP Notice:  Trying to get property 'ID' of non-object in /Users/jocelyn.gulbin/Desktop/projects/bobtheroofer/wp-content/themes/Divi/includes/builder/feature/Library.php on line 902
[15-Oct-2019 23:41:06 UTC] PHP Notice:  Trying to get property 'ID' of non-object in /Users/jocelyn.gulbin/Desktop/projects/bobtheroofer/wp-content/themes/Divi/includes/builder/feature/Library.php on line 903
[15-Oct-2019 23:41:06 UTC] PHP Notice:  Trying to get property 'ID' of non-object in /Users/jocelyn.gulbin/Desktop/projects/bobtheroofer/wp-content/themes/Divi/includes/builder/feature/Library.php on line 902
[15-Oct-2019 23:41:06 UTC] PHP Notice:  Trying to get property 'ID' of non-object in /Users/jocelyn.gulbin/Desktop/projects/bobtheroofer/wp-content/themes/Divi/includes/builder/feature/Library.php on line 903
[15-Oct-2019 23:41:06 UTC] PHP Notice:  Trying to get property 'ID' of non-object in /Users/jocelyn.gulbin/Desktop/projects/bobtheroofer/wp-content/themes/Divi/includes/builder/feature/Library.php on line 902
[15-Oct-2019 23:41:06 UTC] PHP Notice:  Trying to get property 'ID' of non-object in /Users/jocelyn.gulbin/Desktop/projects/bobtheroofer/wp-content/themes/Divi/includes/builder/feature/Library.php on line 903
[15-Oct-2019 23:41:06 UTC] PHP Notice:  Trying to get property 'ID' of non-object in /Users/jocelyn.gulbin/Desktop/projects/bobtheroofer/wp-content/themes/Divi/includes/builder/feature/Library.php on line 902
[15-Oct-2019 23:41:06 UTC] PHP Notice:  Trying to get property 'ID' of non-object in /Users/jocelyn.gulbin/Desktop/projects/bobtheroofer/wp-content/themes/Divi/includes/builder/feature/Library.php on line 903
[15-Oct-2019 23:41:06 UTC] PHP Notice:  Trying to get property 'ID' of non-object in /Users/jocelyn.gulbin/Desktop/projects/bobtheroofer/wp-content/themes/Divi/includes/builder/feature/Library.php on line 902
[15-Oct-2019 23:41:06 UTC] PHP Notice:  Trying to get property 'ID' of non-object in /Users/jocelyn.gulbin/Desktop/projects/bobtheroofer/wp-content/themes/Divi/includes/builder/feature/Library.php on line 903
[15-Oct-2019 23:41:06 UTC] PHP Notice:  Trying to get property 'ID' of non-object in /Users/jocelyn.gulbin/Desktop/projects/bobtheroofer/wp-content/themes/Divi/includes/builder/feature/Library.php on line 902
[15-Oct-2019 23:41:06 UTC] PHP Notice:  Trying to get property 'ID' of non-object in /Users/jocelyn.gulbin/Desktop/projects/bobtheroofer/wp-content/themes/Divi/includes/builder/feature/Library.php on line 903
[15-Oct-2019 23:41:06 UTC] PHP Notice:  Trying to get property 'ID' of non-object in /Users/jocelyn.gulbin/Desktop/projects/bobtheroofer/wp-content/themes/Divi/includes/builder/feature/Library.php on line 902
[15-Oct-2019 23:41:06 UTC] PHP Notice:  Trying to get property 'ID' of non-object in /Users/jocelyn.gulbin/Desktop/projects/bobtheroofer/wp-content/themes/Divi/includes/builder/feature/Library.php on line 903
[15-Oct-2019 23:41:06 UTC] PHP Notice:  Trying to get property 'ID' of non-object in /Users/jocelyn.gulbin/Desktop/projects/bobtheroofer/wp-content/themes/Divi/includes/builder/feature/Library.php on line 902
[15-Oct-2019 23:41:06 UTC] PHP Notice:  Trying to get property 'ID' of non-object in /Users/jocelyn.gulbin/Desktop/projects/bobtheroofer/wp-content/themes/Divi/includes/builder/feature/Library.php on line 903
[15-Oct-2019 23:41:06 UTC] PHP Notice:  Trying to get property 'ID' of non-object in /Users/jocelyn.gulbin/Desktop/projects/bobtheroofer/wp-content/themes/Divi/includes/builder/feature/Library.php on line 902
[15-Oct-2019 23:41:06 UTC] PHP Notice:  Trying to get property 'ID' of non-object in /Users/jocelyn.gulbin/Desktop/projects/bobtheroofer/wp-content/themes/Divi/includes/builder/feature/Library.php on line 903
[15-Oct-2019 23:41:06 UTC] PHP Notice:  Trying to get property 'ID' of non-object in /Users/jocelyn.gulbin/Desktop/projects/bobtheroofer/wp-content/themes/Divi/includes/builder/feature/Library.php on line 902
[15-Oct-2019 23:41:06 UTC] PHP Notice:  Trying to get property 'ID' of non-object in /Users/jocelyn.gulbin/Desktop/projects/bobtheroofer/wp-content/themes/Divi/includes/builder/feature/Library.php on line 903
[15-Oct-2019 23:41:06 UTC] PHP Notice:  Trying to get property 'ID' of non-object in /Users/jocelyn.gulbin/Desktop/projects/bobtheroofer/wp-content/themes/Divi/includes/builder/feature/Library.php on line 902
[15-Oct-2019 23:41:06 UTC] PHP Notice:  Trying to get property 'ID' of non-object in /Users/jocelyn.gulbin/Desktop/projects/bobtheroofer/wp-content/themes/Divi/includes/builder/feature/Library.php on line 903
[15-Oct-2019 23:41:06 UTC] PHP Notice:  Trying to get property 'ID' of non-object in /Users/jocelyn.gulbin/Desktop/projects/bobtheroofer/wp-content/themes/Divi/includes/builder/feature/Library.php on line 902
[15-Oct-2019 23:41:06 UTC] PHP Notice:  Trying to get property 'ID' of non-object in /Users/jocelyn.gulbin/Desktop/projects/bobtheroofer/wp-content/themes/Divi/includes/builder/feature/Library.php on line 903
[15-Oct-2019 23:41:06 UTC] PHP Notice:  Trying to get property 'ID' of non-object in /Users/jocelyn.gulbin/Desktop/projects/bobtheroofer/wp-content/themes/Divi/includes/builder/feature/Library.php on line 902
[15-Oct-2019 23:41:06 UTC] PHP Notice:  Trying to get property 'ID' of non-object in /Users/jocelyn.gulbin/Desktop/projects/bobtheroofer/wp-content/themes/Divi/includes/builder/feature/Library.php on line 903
[15-Oct-2019 23:41:06 UTC] PHP Notice:  Trying to get property 'ID' of non-object in /Users/jocelyn.gulbin/Desktop/projects/bobtheroofer/wp-content/themes/Divi/includes/builder/feature/Library.php on line 902
[15-Oct-2019 23:41:06 UTC] PHP Notice:  Trying to get property 'ID' of non-object in /Users/jocelyn.gulbin/Desktop/projects/bobtheroofer/wp-content/themes/Divi/includes/builder/feature/Library.php on line 903
[15-Oct-2019 23:41:06 UTC] PHP Notice:  Trying to get property 'ID' of non-object in /Users/jocelyn.gulbin/Desktop/projects/bobtheroofer/wp-content/themes/Divi/includes/builder/feature/Library.php on line 902
[15-Oct-2019 23:41:06 UTC] PHP Notice:  Trying to get property 'ID' of non-object in /Users/jocelyn.gulbin/Desktop/projects/bobtheroofer/wp-content/themes/Divi/includes/builder/feature/Library.php on line 903
[15-Oct-2019 23:41:06 UTC] PHP Notice:  Trying to get property 'ID' of non-object in /Users/jocelyn.gulbin/Desktop/projects/bobtheroofer/wp-content/themes/Divi/includes/builder/feature/Library.php on line 902
[15-Oct-2019 23:41:06 UTC] PHP Notice:  Trying to get property 'ID' of non-object in /Users/jocelyn.gulbin/Desktop/projects/bobtheroofer/wp-content/themes/Divi/includes/builder/feature/Library.php on line 903
[15-Oct-2019 23:41:06 UTC] PHP Notice:  Trying to get property 'ID' of non-object in /Users/jocelyn.gulbin/Desktop/projects/bobtheroofer/wp-content/themes/Divi/includes/builder/feature/Library.php on line 902
[15-Oct-2019 23:41:06 UTC] PHP Notice:  Trying to get property 'ID' of non-object in /Users/jocelyn.gulbin/Desktop/projects/bobtheroofer/wp-content/themes/Divi/includes/builder/feature/Library.php on line 903
[15-Oct-2019 23:41:06 UTC] PHP Notice:  Trying to get property 'ID' of non-object in /Users/jocelyn.gulbin/Desktop/projects/bobtheroofer/wp-content/themes/Divi/includes/builder/feature/Library.php on line 902
[15-Oct-2019 23:41:06 UTC] PHP Notice:  Trying to get property 'ID' of non-object in /Users/jocelyn.gulbin/Desktop/projects/bobtheroofer/wp-content/themes/Divi/includes/builder/feature/Library.php on line 903
[15-Oct-2019 23:41:06 UTC] PHP Notice:  Trying to get property 'ID' of non-object in /Users/jocelyn.gulbin/Desktop/projects/bobtheroofer/wp-content/themes/Divi/includes/builder/feature/Library.php on line 902
[15-Oct-2019 23:41:06 UTC] PHP Notice:  Trying to get property 'ID' of non-object in /Users/jocelyn.gulbin/Desktop/projects/bobtheroofer/wp-content/themes/Divi/includes/builder/feature/Library.php on line 903
[15-Oct-2019 23:41:06 UTC] PHP Notice:  Trying to get property 'ID' of non-object in /Users/jocelyn.gulbin/Desktop/projects/bobtheroofer/wp-content/themes/Divi/includes/builder/feature/Library.php on line 902
[15-Oct-2019 23:41:06 UTC] PHP Notice:  Trying to get property 'ID' of non-object in /Users/jocelyn.gulbin/Desktop/projects/bobtheroofer/wp-content/themes/Divi/includes/builder/feature/Library.php on line 903
[15-Oct-2019 23:41:06 UTC] PHP Notice:  Trying to get property 'ID' of non-object in /Users/jocelyn.gulbin/Desktop/projects/bobtheroofer/wp-content/themes/Divi/includes/builder/feature/Library.php on line 902
[15-Oct-2019 23:41:06 UTC] PHP Notice:  Trying to get property 'ID' of non-object in /Users/jocelyn.gulbin/Desktop/projects/bobtheroofer/wp-content/themes/Divi/includes/builder/feature/Library.php on line 903
[15-Oct-2019 23:41:06 UTC] PHP Notice:  Trying to get property 'ID' of non-object in /Users/jocelyn.gulbin/Desktop/projects/bobtheroofer/wp-content/themes/Divi/includes/builder/feature/Library.php on line 902
[15-Oct-2019 23:41:06 UTC] PHP Notice:  Trying to get property 'ID' of non-object in /Users/jocelyn.gulbin/Desktop/projects/bobtheroofer/wp-content/themes/Divi/includes/builder/feature/Library.php on line 903
[15-Oct-2019 23:41:06 UTC] PHP Notice:  Trying to get property 'ID' of non-object in /Users/jocelyn.gulbin/Desktop/projects/bobtheroofer/wp-content/themes/Divi/includes/builder/feature/Library.php on line 902
[15-Oct-2019 23:41:06 UTC] PHP Notice:  Trying to get property 'ID' of non-object in /Users/jocelyn.gulbin/Desktop/projects/bobtheroofer/wp-content/themes/Divi/includes/builder/feature/Library.php on line 903
[15-Oct-2019 23:41:06 UTC] PHP Notice:  Trying to get property 'ID' of non-object in /Users/jocelyn.gulbin/Desktop/projects/bobtheroofer/wp-content/themes/Divi/includes/builder/feature/Library.php on line 902
[15-Oct-2019 23:41:06 UTC] PHP Notice:  Trying to get property 'ID' of non-object in /Users/jocelyn.gulbin/Desktop/projects/bobtheroofer/wp-content/themes/Divi/includes/builder/feature/Library.php on line 903
[15-Oct-2019 23:41:06 UTC] PHP Notice:  Trying to get property 'ID' of non-object in /Users/jocelyn.gulbin/Desktop/projects/bobtheroofer/wp-content/themes/Divi/includes/builder/feature/Library.php on line 902
[15-Oct-2019 23:41:06 UTC] PHP Notice:  Trying to get property 'ID' of non-object in /Users/jocelyn.gulbin/Desktop/projects/bobtheroofer/wp-content/themes/Divi/includes/builder/feature/Library.php on line 903
[15-Oct-2019 23:41:06 UTC] PHP Notice:  Trying to get property 'ID' of non-object in /Users/jocelyn.gulbin/Desktop/projects/bobtheroofer/wp-content/themes/Divi/includes/builder/feature/Library.php on line 902
[15-Oct-2019 23:41:06 UTC] PHP Notice:  Trying to get property 'ID' of non-object in /Users/jocelyn.gulbin/Desktop/projects/bobtheroofer/wp-content/themes/Divi/includes/builder/feature/Library.php on line 903
[15-Oct-2019 23:41:06 UTC] PHP Notice:  Trying to get property 'ID' of non-object in /Users/jocelyn.gulbin/Desktop/projects/bobtheroofer/wp-content/themes/Divi/includes/builder/feature/Library.php on line 902
[15-Oct-2019 23:41:06 UTC] PHP Notice:  Trying to get property 'ID' of non-object in /Users/jocelyn.gulbin/Desktop/projects/bobtheroofer/wp-content/themes/Divi/includes/builder/feature/Library.php on line 903
[15-Oct-2019 23:41:06 UTC] PHP Notice:  Trying to get property 'ID' of non-object in /Users/jocelyn.gulbin/Desktop/projects/bobtheroofer/wp-content/themes/Divi/includes/builder/feature/Library.php on line 902
[15-Oct-2019 23:41:06 UTC] PHP Notice:  Trying to get property 'ID' of non-object in /Users/jocelyn.gulbin/Desktop/projects/bobtheroofer/wp-content/themes/Divi/includes/builder/feature/Library.php on line 903
[15-Oct-2019 23:41:06 UTC] PHP Notice:  Trying to get property 'ID' of non-object in /Users/jocelyn.gulbin/Desktop/projects/bobtheroofer/wp-content/themes/Divi/includes/builder/feature/Library.php on line 902
[15-Oct-2019 23:41:06 UTC] PHP Notice:  Trying to get property 'ID' of non-object in /Users/jocelyn.gulbin/Desktop/projects/bobtheroofer/wp-content/themes/Divi/includes/builder/feature/Library.php on line 903
[15-Oct-2019 23:41:06 UTC] PHP Notice:  Trying to get property 'ID' of non-object in /Users/jocelyn.gulbin/Desktop/projects/bobtheroofer/wp-content/themes/Divi/includes/builder/feature/Library.php on line 902
[15-Oct-2019 23:41:06 UTC] PHP Notice:  Trying to get property 'ID' of non-object in /Users/jocelyn.gulbin/Desktop/projects/bobtheroofer/wp-content/themes/Divi/includes/builder/feature/Library.php on line 903
[15-Oct-2019 23:41:06 UTC] PHP Notice:  Trying to get property 'ID' of non-object in /Users/jocelyn.gulbin/Desktop/projects/bobtheroofer/wp-content/themes/Divi/includes/builder/feature/Library.php on line 902
[15-Oct-2019 23:41:06 UTC] PHP Notice:  Trying to get property 'ID' of non-object in /Users/jocelyn.gulbin/Desktop/projects/bobtheroofer/wp-content/themes/Divi/includes/builder/feature/Library.php on line 903
[15-Oct-2019 23:41:06 UTC] PHP Notice:  Trying to get property 'ID' of non-object in /Users/jocelyn.gulbin/Desktop/projects/bobtheroofer/wp-content/themes/Divi/includes/builder/feature/Library.php on line 902
[15-Oct-2019 23:41:06 UTC] PHP Notice:  Trying to get property 'ID' of non-object in /Users/jocelyn.gulbin/Desktop/projects/bobtheroofer/wp-content/themes/Divi/includes/builder/feature/Library.php on line 903
[15-Oct-2019 23:41:06 UTC] PHP Notice:  Trying to get property 'ID' of non-object in /Users/jocelyn.gulbin/Desktop/projects/bobtheroofer/wp-content/themes/Divi/includes/builder/feature/Library.php on line 902
[15-Oct-2019 23:41:06 UTC] PHP Notice:  Trying to get property 'ID' of non-object in /Users/jocelyn.gulbin/Desktop/projects/bobtheroofer/wp-content/themes/Divi/includes/builder/feature/Library.php on line 903
[15-Oct-2019 23:41:06 UTC] PHP Notice:  Trying to get property 'ID' of non-object in /Users/jocelyn.gulbin/Desktop/projects/bobtheroofer/wp-content/themes/Divi/includes/builder/feature/Library.php on line 902
[15-Oct-2019 23:41:06 UTC] PHP Notice:  Trying to get property 'ID' of non-object in /Users/jocelyn.gulbin/Desktop/projects/bobtheroofer/wp-content/themes/Divi/includes/builder/feature/Library.php on line 903
[15-Oct-2019 23:41:06 UTC] PHP Notice:  Trying to get property 'ID' of non-object in /Users/jocelyn.gulbin/Desktop/projects/bobtheroofer/wp-content/themes/Divi/includes/builder/feature/Library.php on line 902
[15-Oct-2019 23:41:06 UTC] PHP Notice:  Trying to get property 'ID' of non-object in /Users/jocelyn.gulbin/Desktop/projects/bobtheroofer/wp-content/themes/Divi/includes/builder/feature/Library.php on line 903
[15-Oct-2019 23:42:00 UTC] PHP Deprecated:  Non-static method DiviComingSoon_Admin::add_admin_submenu() should not be called statically in /Users/jocelyn.gulbin/Desktop/projects/bobtheroofer/wp-includes/class-wp-hook.php on line 286
[15-Oct-2019 23:42:01 UTC] PHP Notice:  Undefined index: page in /Users/jocelyn.gulbin/Desktop/projects/bobtheroofer/wp-content/plugins/divi-coming-soon/class.divi-coming-soon.admin.core.php on line 56
[15-Oct-2019 23:42:21 UTC] PHP Deprecated:  Non-static method DiviComingSoon_Admin::add_admin_submenu() should not be called statically in /Users/jocelyn.gulbin/Desktop/projects/bobtheroofer/wp-includes/class-wp-hook.php on line 286
[15-Oct-2019 23:42:26 UTC] PHP Notice:  Undefined index: page in /Users/jocelyn.gulbin/Desktop/projects/bobtheroofer/wp-content/plugins/divi-coming-soon/class.divi-coming-soon.admin.core.php on line 56
[15-Oct-2019 23:42:59 UTC] PHP Deprecated:  Non-static method DiviComingSoon_Admin::add_admin_submenu() should not be called statically in /Users/jocelyn.gulbin/Desktop/projects/bobtheroofer/wp-includes/class-wp-hook.php on line 286
[15-Oct-2019 23:43:01 UTC] PHP Notice:  Undefined index: page in /Users/jocelyn.gulbin/Desktop/projects/bobtheroofer/wp-content/plugins/divi-coming-soon/class.divi-coming-soon.admin.core.php on line 56
[15-Oct-2019 23:43:13 UTC] PHP Deprecated:  Non-static method DiviComingSoon_Admin::add_admin_submenu() should not be called statically in /Users/jocelyn.gulbin/Desktop/projects/bobtheroofer/wp-includes/class-wp-hook.php on line 286
[15-Oct-2019 23:43:13 UTC] PHP Notice:  Undefined index: page in /Users/jocelyn.gulbin/Desktop/projects/bobtheroofer/wp-content/plugins/divi-coming-soon/class.divi-coming-soon.admin.core.php on line 56
[15-Oct-2019 23:43:19 UTC] PHP Deprecated:  Non-static method DiviComingSoon_Admin::add_admin_submenu() should not be called statically in /Users/jocelyn.gulbin/Desktop/projects/bobtheroofer/wp-includes/class-wp-hook.php on line 286
[15-Oct-2019 23:43:19 UTC] PHP Deprecated:  Non-static method DiviComingSoon_Admin::add_admin_submenu() should not be called statically in /Users/jocelyn.gulbin/Desktop/projects/bobtheroofer/wp-includes/class-wp-hook.php on line 286
[15-Oct-2019 23:43:19 UTC] PHP Notice:  Undefined index: page in /Users/jocelyn.gulbin/Desktop/projects/bobtheroofer/wp-content/plugins/divi-coming-soon/class.divi-coming-soon.admin.core.php on line 56
[15-Oct-2019 23:44:22 UTC] PHP Deprecated:  Non-static method DiviComingSoon_Admin::add_admin_submenu() should not be called statically in /Users/jocelyn.gulbin/Desktop/projects/bobtheroofer/wp-includes/class-wp-hook.php on line 286
[15-Oct-2019 23:44:22 UTC] PHP Notice:  Undefined index: page in /Users/jocelyn.gulbin/Desktop/projects/bobtheroofer/wp-content/plugins/divi-coming-soon/class.divi-coming-soon.admin.core.php on line 56
[15-Oct-2019 23:46:04 UTC] PHP Deprecated:  Non-static method DiviComingSoon_Admin::add_admin_submenu() should not be called statically in /Users/jocelyn.gulbin/Desktop/projects/bobtheroofer/wp-includes/class-wp-hook.php on line 286
[15-Oct-2019 23:46:04 UTC] PHP Notice:  Undefined index: page in /Users/jocelyn.gulbin/Desktop/projects/bobtheroofer/wp-content/plugins/divi-coming-soon/class.divi-coming-soon.admin.core.php on line 56
[15-Oct-2019 23:46:23 UTC] PHP Deprecated:  Non-static method DiviComingSoon_Admin::add_admin_submenu() should not be called statically in /Users/jocelyn.gulbin/Desktop/projects/bobtheroofer/wp-includes/class-wp-hook.php on line 286
[15-Oct-2019 23:48:43 UTC] PHP Deprecated:  Non-static method DiviComingSoon_Admin::add_admin_submenu() should not be called statically in /Users/jocelyn.gulbin/Desktop/projects/bobtheroofer/wp-includes/class-wp-hook.php on line 286
[15-Oct-2019 23:49:52 UTC] PHP Deprecated:  Non-static method DiviComingSoon_Admin::add_admin_submenu() should not be called statically in /Users/jocelyn.gulbin/Desktop/projects/bobtheroofer/wp-includes/class-wp-hook.php on line 286
[15-Oct-2019 23:49:52 UTC] PHP Notice:  Undefined index: page in /Users/jocelyn.gulbin/Desktop/projects/bobtheroofer/wp-content/plugins/divi-coming-soon/class.divi-coming-soon.admin.core.php on line 56
[16-Oct-2019 00:02:37 UTC] PHP Deprecated:  Non-static method DiviComingSoon_Admin::add_admin_submenu() should not be called statically in /Users/jocelyn.gulbin/Desktop/projects/bobtheroofer/wp-includes/class-wp-hook.php on line 286
[16-Oct-2019 00:02:47 UTC] PHP Deprecated:  Non-static method DiviComingSoon_Admin::add_admin_submenu() should not be called statically in /Users/jocelyn.gulbin/Desktop/projects/bobtheroofer/wp-includes/class-wp-hook.php on line 286
[16-Oct-2019 00:02:47 UTC] PHP Notice:  Undefined index: page in /Users/jocelyn.gulbin/Desktop/projects/bobtheroofer/wp-content/plugins/divi-coming-soon/class.divi-coming-soon.admin.core.php on line 56
[16-Oct-2019 00:17:33 UTC] PHP Deprecated:  Non-static method DiviComingSoon_Admin::add_admin_submenu() should not be called statically in /Users/jocelyn.gulbin/Desktop/projects/bobtheroofer/wp-includes/class-wp-hook.php on line 286
[16-Oct-2019 00:17:37 UTC] PHP Notice:  Undefined index: page in /Users/jocelyn.gulbin/Desktop/projects/bobtheroofer/wp-content/plugins/divi-coming-soon/class.divi-coming-soon.admin.core.php on line 56
[16-Oct-2019 00:17:58 UTC] PHP Deprecated:  Non-static method DiviComingSoon_Admin::add_admin_submenu() should not be called statically in /Users/jocelyn.gulbin/Desktop/projects/bobtheroofer/wp-includes/class-wp-hook.php on line 286
[16-Oct-2019 00:17:58 UTC] PHP Notice:  Undefined index: page in /Users/jocelyn.gulbin/Desktop/projects/bobtheroofer/wp-content/plugins/divi-coming-soon/class.divi-coming-soon.admin.core.php on line 56
[16-Oct-2019 00:18:16 UTC] PHP Deprecated:  Non-static method DiviComingSoon_Admin::add_admin_submenu() should not be called statically in /Users/jocelyn.gulbin/Desktop/projects/bobtheroofer/wp-includes/class-wp-hook.php on line 286
[16-Oct-2019 00:18:18 UTC] PHP Notice:  Undefined index: page in /Users/jocelyn.gulbin/Desktop/projects/bobtheroofer/wp-content/plugins/divi-coming-soon/class.divi-coming-soon.admin.core.php on line 56
[16-Oct-2019 00:18:53 UTC] PHP Deprecated:  Non-static method DiviComingSoon_Admin::add_admin_submenu() should not be called statically in /Users/jocelyn.gulbin/Desktop/projects/bobtheroofer/wp-includes/class-wp-hook.php on line 286
[16-Oct-2019 00:18:53 UTC] PHP Notice:  Undefined index: page in /Users/jocelyn.gulbin/Desktop/projects/bobtheroofer/wp-content/plugins/divi-coming-soon/class.divi-coming-soon.admin.core.php on line 56
[16-Oct-2019 00:19:04 UTC] PHP Deprecated:  Non-static method DiviComingSoon_Admin::add_admin_submenu() should not be called statically in /Users/jocelyn.gulbin/Desktop/projects/bobtheroofer/wp-includes/class-wp-hook.php on line 286
[16-Oct-2019 00:19:05 UTC] PHP Notice:  Undefined index: page in /Users/jocelyn.gulbin/Desktop/projects/bobtheroofer/wp-content/plugins/divi-coming-soon/class.divi-coming-soon.admin.core.php on line 56
[16-Oct-2019 00:19:13 UTC] PHP Deprecated:  Non-static method DiviComingSoon_Admin::add_admin_submenu() should not be called statically in /Users/jocelyn.gulbin/Desktop/projects/bobtheroofer/wp-includes/class-wp-hook.php on line 286
[16-Oct-2019 00:19:40 UTC] PHP Deprecated:  Non-static method DiviComingSoon_Admin::add_admin_submenu() should not be called statically in /Users/jocelyn.gulbin/Desktop/projects/bobtheroofer/wp-includes/class-wp-hook.php on line 286
[16-Oct-2019 00:19:40 UTC] PHP Notice:  Undefined index: page in /Users/jocelyn.gulbin/Desktop/projects/bobtheroofer/wp-content/plugins/divi-coming-soon/class.divi-coming-soon.admin.core.php on line 56
[16-Oct-2019 00:20:57 UTC] PHP Deprecated:  Non-static method DiviComingSoon_Admin::add_admin_submenu() should not be called statically in /Users/jocelyn.gulbin/Desktop/projects/bobtheroofer/wp-includes/class-wp-hook.php on line 286
[16-Oct-2019 00:21:07 UTC] PHP Deprecated:  Non-static method DiviComingSoon_Admin::add_admin_submenu() should not be called statically in /Users/jocelyn.gulbin/Desktop/projects/bobtheroofer/wp-includes/class-wp-hook.php on line 286
[16-Oct-2019 00:21:07 UTC] PHP Deprecated:  Non-static method DiviComingSoon_Admin::add_admin_submenu() should not be called statically in /Users/jocelyn.gulbin/Desktop/projects/bobtheroofer/wp-includes/class-wp-hook.php on line 286
[16-Oct-2019 00:21:40 UTC] PHP Deprecated:  Non-static method DiviComingSoon_Admin::add_admin_submenu() should not be called statically in /Users/jocelyn.gulbin/Desktop/projects/bobtheroofer/wp-includes/class-wp-hook.php on line 286
[16-Oct-2019 00:21:41 UTC] PHP Deprecated:  Non-static method DiviComingSoon_Admin::add_admin_submenu() should not be called statically in /Users/jocelyn.gulbin/Desktop/projects/bobtheroofer/wp-includes/class-wp-hook.php on line 286
[16-Oct-2019 00:21:44 UTC] PHP Notice:  Undefined index: page in /Users/jocelyn.gulbin/Desktop/projects/bobtheroofer/wp-content/plugins/divi-coming-soon/class.divi-coming-soon.admin.core.php on line 56
[16-Oct-2019 00:21:44 UTC] PHP Notice:  Undefined index: page in /Users/jocelyn.gulbin/Desktop/projects/bobtheroofer/wp-content/plugins/divi-coming-soon/class.divi-coming-soon.admin.core.php on line 56
[16-Oct-2019 00:21:54 UTC] PHP Deprecated:  Non-static method DiviComingSoon_Admin::add_admin_submenu() should not be called statically in /Users/jocelyn.gulbin/Desktop/projects/bobtheroofer/wp-includes/class-wp-hook.php on line 286
[16-Oct-2019 00:21:55 UTC] PHP Notice:  Undefined index: page in /Users/jocelyn.gulbin/Desktop/projects/bobtheroofer/wp-content/plugins/divi-coming-soon/class.divi-coming-soon.admin.core.php on line 56
[16-Oct-2019 00:21:59 UTC] PHP Deprecated:  Non-static method DiviComingSoon_Admin::add_admin_submenu() should not be called statically in /Users/jocelyn.gulbin/Desktop/projects/bobtheroofer/wp-includes/class-wp-hook.php on line 286
[21-Oct-2019 03:38:05 UTC] WPMDB Error: Data cannot be unserialized. Scope: DeliciousBrains\WPMDB\Common\Replace::recursive_unserialize_replace().
[21-Oct-2019 03:38:05 UTC] WPMDB Error: Data cannot be unserialized. Scope: DeliciousBrains\WPMDB\Common\Replace::recursive_unserialize_replace().
[21-Oct-2019 04:12:00 UTC] WPMDB Error: Data cannot be unserialized. Scope: DeliciousBrains\WPMDB\Common\Replace::recursive_unserialize_replace().
[21-Oct-2019 04:12:00 UTC] WPMDB Error: Data cannot be unserialized. Scope: DeliciousBrains\WPMDB\Common\Replace::recursive_unserialize_replace().
[25-Oct-2019 03:10:06 UTC] WPMDB Error: Data cannot be unserialized. Scope: DeliciousBrains\WPMDB\Common\Replace::recursive_unserialize_replace().
[25-Oct-2019 03:10:06 UTC] WPMDB Error: Data cannot be unserialized. Scope: DeliciousBrains\WPMDB\Common\Replace::recursive_unserialize_replace().
